22:54:26.223  INFO  manager.ApplicationManager - All tests star in Chrome Browser
22:54:28.672  INFO  manager.ApplicationManager - Current Url -->https://ilcarro.web.app/search
22:54:28.677  INFO  manager.ListenerTNG - onStart---Gradle test
22:54:28.702  INFO  tests.TestBase - The name of starts method is --->loginSuccess
22:54:28.704  INFO  manager.ListenerWD - Before find elements --> By.xpath: //a[text()=' Logout ']
22:54:33.746  INFO  manager.ListenerWD - After find elements --> By.xpath: //a[text()=' Logout ']
22:54:33.748  INFO  manager.ListenerWD - List size is --> 0
22:54:33.748  INFO  manager.ListenerTNG - onTestStart---loginSuccess
22:54:33.749  INFO  tests.TestBase - Login with valid data: email: dsa@gmail.com & password: Qq123456$
22:54:33.750  INFO  manager.ListenerWD - Before find element --> By.xpath: //a[text()=' Log in ']
22:54:33.772  INFO  manager.ListenerWD - After find element --> By.xpath: //a[text()=' Log in ']
22:54:33.834  INFO  manager.ListenerWD - Before find element --> By.id: email
22:54:33.857  INFO  manager.ListenerWD - After find element --> By.id: email
22:54:34.007  INFO  manager.ListenerWD - Before find element --> By.id: password
22:54:34.026  INFO  manager.ListenerWD - After find element --> By.id: password
22:54:34.132  INFO  manager.ListenerWD - Before find element --> By.xpath: //button[@type='submit']
22:54:34.148  INFO  manager.ListenerWD - After find element --> By.xpath: //button[@type='submit']
22:54:34.186  INFO  manager.ListenerWD - Before find element --> By.cssSelector: div.dialog-container>h2
22:54:35.138  INFO  manager.ListenerWD - After find element --> By.cssSelector: div.dialog-container>h2
22:54:35.155  INFO  manager.ListenerTNG - onTestFailure---loginSuccess
22:54:35.156  INFO  manager.ListenerWD - Before find elements --> By.xpath: //button[text()='Ok']
22:54:35.172  INFO  manager.ListenerWD - After find elements --> By.xpath: //button[text()='Ok']
22:54:35.173  INFO  manager.ListenerWD - List size is --> 1
22:54:35.173  INFO  manager.ListenerWD - Before find element --> By.xpath: //button[text()='Ok']
22:54:35.193  INFO  manager.ListenerWD - After find element --> By.xpath: //button[text()='Ok']
22:54:35.226  INFO  manager.ListenerTNG - onFinish---Gradle test
