22:07:42.141  INFO  manager.ApplicationManager - All tests star in Chrome Browser
22:07:44.689  INFO  manager.ApplicationManager - Current Url -->https://ilcarro.web.app/search
22:07:44.710  INFO  tests.TestBase - The name of starts method is --->loginSuccess
22:07:44.711  INFO  manager.ListenerWD - Before find elements --> By.xpath: //a[text()=' Logout ']
22:07:49.750  INFO  manager.ListenerWD - After find elements --> By.xpath: //a[text()=' Logout ']
22:07:49.752  INFO  manager.ListenerWD - List size is --> 0
22:07:49.753  INFO  tests.TestBase - Login with valid data: email: dsa@gmail.com & password: Qq123456$
22:07:49.754  INFO  manager.ListenerWD - Before find element --> By.xpath: //a[text()=' Lo ']
22:07:54.829  INFO  manager.ListenerWD - The have a 'problem'
22:07:54.829  INFO  manager.ListenerWD - *****
22:07:54.829  INFO  manager.ListenerWD - Method method-->findElement
22:07:54.830  INFO  manager.ListenerWD - *****
22:07:54.831  INFO  manager.ListenerWD - InvocationTargetException getTargetException() org.openqa.selenium.NoSuchElementException: no such element: Unable to locate element: {"method":"xpath","selector":"//a[text()=' Lo ']"}
  (Session info: chrome=109.0.5414.120)
For documentation on this error, please visit: https://selenium.dev/exceptions/#no_such_element
Build info: version: '4.7.1', revision: 'c6795baf1a3'
System info: os.name: 'Windows 10', os.arch: 'amd64', os.version: '10.0', java.version: '11.0.17'
Driver info: org.openqa.selenium.chrome.ChromeDriver
Command: [1992b021472b38fc91bb1616a619b5fd, findElement {using=xpath, value=//a[text()=' Lo ']}]
Capabilities {acceptInsecureCerts: false, browserName: chrome, browserVersion: 109.0.5414.120, chrome: {chromedriverVersion: 108.0.5359.71 (1e0e3868ee06..., userDataDir: C:\Users\Marina\AppData\Loc...}, goog:chromeOptions: {debuggerAddress: localhost:63063}, networkConnectionEnabled: false, pageLoadStrategy: normal, platformName: WINDOWS, proxy: Proxy(), se:cdp: ws://localhost:63063/devtoo..., se:cdpVersion: 109.0.5414.120, setWindowRect: true, strictFileInteractability: false, timeouts: {implicit: 0, pageLoad: 300000, script: 30000}, unhandledPromptBehavior: dismiss and notify, webauthn:extension:credBlob: true, webauthn:extension:largeBlob: true, webauthn:virtualAuthenticators: true}
Session ID: 1992b021472b38fc91bb1616a619b5fd
22:07:54.831  INFO  manager.ListenerWD - *****
22:07:54.832  INFO  manager.ListenerWD - Object targetChromeDriver: chrome on WINDOWS (1992b021472b38fc91bb1616a619b5fd)
22:07:54.832  INFO  manager.ListenerWD - *****
22:07:54.835  INFO  manager.ListenerWD - Screen with error is --->src/test/screenshots/screen-513.png
22:07:55.172  INFO  manager.ListenerWD - Before find elements --> By.xpath: //button[text()='Ok']
22:08:00.239  INFO  manager.ListenerWD - After find elements --> By.xpath: //button[text()='Ok']
22:08:00.239  INFO  manager.ListenerWD - List size is --> 0
