23:26:42.235  INFO  manager.ApplicationManager - All tests star in Chrome Browser
23:26:44.637  INFO  manager.ApplicationManager - Current Url -->https://ilcarro.web.app/search
23:26:44.661  INFO  tests.TestBase - The name of starts method is --->loginSuccessModel
23:26:44.662  INFO  manager.ListenerWD - Before find elements --> By.xpath: //a[text()=' Logout ']
23:26:49.709  INFO  manager.ListenerWD - After find elements --> By.xpath: //a[text()=' Logout ']
23:26:49.711  INFO  manager.ListenerWD - List size is --> 0
23:26:49.724  INFO  tests.TestBase - Tests start with user model---User{name='null', lastName='null', email='dsa@gmail.com', password='Qq123456$'}
23:26:49.724  INFO  manager.ListenerWD - Before find element --> By.xpath: //a[text()=' Log in ']
23:26:49.750  INFO  manager.ListenerWD - After find element --> By.xpath: //a[text()=' Log in ']
23:26:49.809  INFO  manager.ListenerWD - Before find element --> By.id: email
23:26:49.829  INFO  manager.ListenerWD - After find element --> By.id: email
23:26:49.938  INFO  manager.ListenerWD - Before find element --> By.id: password
23:26:49.952  INFO  manager.ListenerWD - After find element --> By.id: password
23:26:50.029  INFO  manager.ListenerWD - Before find element --> By.xpath: //button[@type='submit']
23:26:50.043  INFO  manager.ListenerWD - After find element --> By.xpath: //button[@type='submit']
23:26:50.079  INFO  manager.ListenerWD - Before find element --> By.cssSelector: div.dialog-container>h2
23:26:51.030  INFO  manager.ListenerWD - After find element --> By.cssSelector: div.dialog-container>h2
23:26:51.044  INFO  tests.TestBase - Tests success
23:26:51.046  INFO  manager.ListenerWD - Before find elements --> By.xpath: //button[text()='Ok']
23:26:51.059  INFO  manager.ListenerWD - After find elements --> By.xpath: //button[text()='Ok']
23:26:51.059  INFO  manager.ListenerWD - List size is --> 1
23:26:51.059  INFO  manager.ListenerWD - Before find element --> By.xpath: //button[text()='Ok']
23:26:51.075  INFO  manager.ListenerWD - After find element --> By.xpath: //button[text()='Ok']
23:26:51.103  INFO  tests.TestBase - The name of starts method is --->loginSuccessModel
23:26:51.103  INFO  manager.ListenerWD - Before find elements --> By.xpath: //a[text()=' Logout ']
23:26:51.116  INFO  manager.ListenerWD - After find elements --> By.xpath: //a[text()=' Logout ']
23:26:51.116  INFO  manager.ListenerWD - List size is --> 1
23:26:51.116  INFO  manager.ListenerWD - Before find element --> By.cssSelector: div.header a:nth-child(5)
23:26:51.138  INFO  manager.ListenerWD - After find element --> By.cssSelector: div.header a:nth-child(5)
23:26:51.186  INFO  tests.TestBase - The test needs  logout scenario
23:26:51.186  INFO  tests.TestBase - Tests start with user model---User{name='null', lastName='null', email='dsa@gmail.com', password='Qq123456$'}
23:26:51.186  INFO  manager.ListenerWD - Before find element --> By.xpath: //a[text()=' Log in ']
23:26:51.200  INFO  manager.ListenerWD - After find element --> By.xpath: //a[text()=' Log in ']
23:26:51.239  INFO  manager.ListenerWD - Before find element --> By.id: email
23:26:51.253  INFO  manager.ListenerWD - After find element --> By.id: email
23:26:51.359  INFO  manager.ListenerWD - Before find element --> By.id: password
23:26:51.371  INFO  manager.ListenerWD - After find element --> By.id: password
23:26:51.442  INFO  manager.ListenerWD - Before find element --> By.xpath: //button[@type='submit']
23:26:51.454  INFO  manager.ListenerWD - After find element --> By.xpath: //button[@type='submit']
23:26:51.485  INFO  manager.ListenerWD - Before find element --> By.cssSelector: div.dialog-container>h2
23:26:51.768  INFO  manager.ListenerWD - After find element --> By.cssSelector: div.dialog-container>h2
23:26:51.782  INFO  tests.TestBase - Tests success
23:26:51.783  INFO  manager.ListenerWD - Before find elements --> By.xpath: //button[text()='Ok']
23:26:51.795  INFO  manager.ListenerWD - After find elements --> By.xpath: //button[text()='Ok']
23:26:51.796  INFO  manager.ListenerWD - List size is --> 1
23:26:51.796  INFO  manager.ListenerWD - Before find element --> By.xpath: //button[text()='Ok']
23:26:51.807  INFO  manager.ListenerWD - After find element --> By.xpath: //button[text()='Ok']
23:26:51.836  INFO  tests.TestBase - The name of starts method is --->loginSuccessModel
23:26:51.836  INFO  manager.ListenerWD - Before find elements --> By.xpath: //a[text()=' Logout ']
23:26:51.848  INFO  manager.ListenerWD - After find elements --> By.xpath: //a[text()=' Logout ']
23:26:51.848  INFO  manager.ListenerWD - List size is --> 1
23:26:51.848  INFO  manager.ListenerWD - Before find element --> By.cssSelector: div.header a:nth-child(5)
23:26:51.865  INFO  manager.ListenerWD - After find element --> By.cssSelector: div.header a:nth-child(5)
23:26:51.905  INFO  tests.TestBase - The test needs  logout scenario
23:26:51.905  INFO  tests.TestBase - Tests start with user model---User{name='null', lastName='null', email='alex@gmail.com', password='Sham12345$'}
23:26:51.906  INFO  manager.ListenerWD - Before find element --> By.xpath: //a[text()=' Log in ']
23:26:51.917  INFO  manager.ListenerWD - After find element --> By.xpath: //a[text()=' Log in ']
23:26:51.952  INFO  manager.ListenerWD - Before find element --> By.id: email
23:26:51.966  INFO  manager.ListenerWD - After find element --> By.id: email
23:26:52.069  INFO  manager.ListenerWD - Before find element --> By.id: password
23:26:52.081  INFO  manager.ListenerWD - After find element --> By.id: password
23:26:52.156  INFO  manager.ListenerWD - Before find element --> By.xpath: //button[@type='submit']
23:26:52.168  INFO  manager.ListenerWD - After find element --> By.xpath: //button[@type='submit']
23:26:52.196  INFO  manager.ListenerWD - Before find element --> By.cssSelector: div.dialog-container>h2
23:26:52.516  INFO  manager.ListenerWD - After find element --> By.cssSelector: div.dialog-container>h2
23:26:52.527  INFO  tests.TestBase - Tests success
23:26:52.529  INFO  manager.ListenerWD - Before find elements --> By.xpath: //button[text()='Ok']
23:26:52.537  INFO  manager.ListenerWD - After find elements --> By.xpath: //button[text()='Ok']
23:26:52.538  INFO  manager.ListenerWD - List size is --> 1
23:26:52.538  INFO  manager.ListenerWD - Before find element --> By.xpath: //button[text()='Ok']
23:26:52.550  INFO  manager.ListenerWD - After find element --> By.xpath: //button[text()='Ok']
